<?xml version="1.0" encoding="UTF-8"?>
<!-- Generated by org.testng.reporters.JUnitXMLReporter -->
<testsuite ignored="0" hostname="DESKTOP-2L70A79" failures="0" tests="4" name="Default test" time="0.046" errors="0" timestamp="2024-07-06T13:03:13 IST">
  <testcase classname="testng.PrioritizeTest" name="demo2" time="0.005"/>
  <testcase classname="testng.PrioritizeTest" name="demo4" time="0.001"/>
  <testcase classname="testng.PrioritizeTest" name="demo1" time="0.001"/>
  <testcase classname="testng.PrioritizeTest" name="demo3" time="0.002"/>
</testsuite> <!-- Default test -->
