<?xml version="1.0" encoding="UTF-8"?>
<!-- Generated by org.testng.reporters.JUnitXMLReporter -->
<testsuite ignored="0" hostname="LAPTOP-H7R7DK85" failures="1" tests="2" name="Test Runner 1" time="0.136" errors="0" timestamp="2024-07-08T13:32:29 IST">
  <testcase classname="parallelExecution.TestClass1" name="demo" time="0.019"/>
  <testcase classname="parallelExecution.TestClass2" name="demo" time="0.004">
    <failure type="java.lang.AssertionError" message="null">
      <![CDATA[java.lang.AssertionError: null
at parallelExecution.TestClass2.demo(TestClass2.java:11)
at java.base/java.util.ArrayList.forEach(ArrayList.java:1511)
at java.base/java.util.concurrent.FutureTask.run(FutureTask.java:264)
at java.base/java.util.concurrent.ThreadPoolExecutor.runWorker(ThreadPoolExecutor.java:1136)
at java.base/java.util.concurrent.ThreadPoolExecutor$Worker.run(ThreadPoolExecutor.java:635)
at java.base/java.lang.Thread.run(Thread.java:833)
... Removed 18 stack frames]]>
    </failure>
  </testcase> <!-- demo -->
</testsuite> <!-- Test Runner 1 -->
