<?xml version="1.0" encoding="UTF-8"?>
<!-- Generated by org.testng.reporters.JUnitXMLReporter -->
<testsuite ignored="1" hostname="DESKTOP-2L70A79" failures="0" tests="10" name="Test" time="11.715" errors="0" timestamp="2024-07-05T12:48:45 IST">
  <testcase classname="testng.DependsOnMethodsTest" name="navigateToApp" time="6.071"/>
  <testcase classname="testng.DependsOnMethodsTest" name="loginToApp" time="5.568"/>
  <testcase classname="testng.PrioritizeTest" name="demo2" time="0.001"/>
  <testcase classname="testng.PrioritizeTest" name="demo4" time="0.001"/>
  <testcase classname="testng.PrioritizeTest" name="demo1" time="0.001"/>
  <testcase classname="testng.PrioritizeTest" name="demo3" time="0.001"/>
  <testcase classname="testng.InvocationCountTest" name="demo1" time="0.001"/>
  <testcase classname="testng.InvocationCountTest" name="demo1" time="0.002"/>
  <testcase classname="testng.InvocationCountTest" name="demo2" time="0.001"/>
  <testcase classname="testng.SampleTest" name="demo" time="0.001"/>
  <testcase classname="testng.EnabledFlagTest" name="demo2" time="0.0">
    <ignored/>
  </testcase> <!-- demo2 -->
</testsuite> <!-- Test -->
