<?xml version="1.0" encoding="UTF-8"?>
<testng-results ignored="0" total="4" passed="4" failed="0" skipped="0">
  <reporter-output>
    <line>
      <![CDATA[demo2]]>
    </line>
    <line>
      <![CDATA[demo4]]>
    </line>
    <line>
      <![CDATA[demo1]]>
    </line>
    <line>
      <![CDATA[demo3]]>
    </line>
  </reporter-output>
  <suite started-at="2024-07-06T13:03:13 IST" name="Default suite" finished-at="2024-07-06T13:03:13 IST" duration-ms="46">
    <groups>
    </groups>
    <test started-at="2024-07-06T13:03:13 IST" name="Default test" finished-at="2024-07-06T13:03:13 IST" duration-ms="46">
      <class name="testng.PrioritizeTest">
        <test-method signature="demo2()[pri:-2, instance:testng.PrioritizeTest@20ce78ec]" started-at="2024-07-06T13:03:13 IST" name="demo2" finished-at="2024-07-06T13:03:13 IST" duration-ms="5" status="PASS">
          <reporter-output>
            <line>
              <![CDATA[demo2]]>
            </line>
          </reporter-output>
        </test-method> <!-- demo2 -->
        <test-method signature="demo4()[pri:-1, instance:testng.PrioritizeTest@20ce78ec]" started-at="2024-07-06T13:03:13 IST" name="demo4" finished-at="2024-07-06T13:03:13 IST" duration-ms="1" status="PASS">
          <reporter-output>
            <line>
              <![CDATA[demo4]]>
            </line>
          </reporter-output>
        </test-method> <!-- demo4 -->
        <test-method signature="demo1()[pri:0, instance:testng.PrioritizeTest@20ce78ec]" started-at="2024-07-06T13:03:13 IST" name="demo1" finished-at="2024-07-06T13:03:13 IST" duration-ms="1" status="PASS">
          <reporter-output>
            <line>
              <![CDATA[demo1]]>
            </line>
          </reporter-output>
        </test-method> <!-- demo1 -->
        <test-method signature="demo3()[pri:2, instance:testng.PrioritizeTest@20ce78ec]" started-at="2024-07-06T13:03:13 IST" name="demo3" finished-at="2024-07-06T13:03:13 IST" duration-ms="2" status="PASS">
          <reporter-output>
            <line>
              <![CDATA[demo3]]>
            </line>
          </reporter-output>
        </test-method> <!-- demo3 -->
      </class> <!-- testng.PrioritizeTest -->
    </test> <!-- Default test -->
  </suite> <!-- Default suite -->
</testng-results>
